Reading netlist file: "I:\FILE\FPGA\Gowin\A_Clock\Ampere_Clock_03\impl\gwsynthesis\Ampere_Clock.vg"
Parsing netlist file "I:\FILE\FPGA\Gowin\A_Clock\Ampere_Clock_03\impl\gwsynthesis\Ampere_Clock.vg" completed
Processing netlist completed
Reading constraint file: "I:\FILE\FPGA\Gowin\A_Clock\Ampere_Clock_03\src\Ampere_Clock.cst"
Physical Constraint parsed completed
Running placement......
[10%] Placement Phase 0 completed
[20%] Placement Phase 1 completed
[30%] Placement Phase 2 completed
[50%] Placement Phase 3 completed
Running routing......
[60%] Routing Phase 0 completed
[70%] Routing Phase 1 completed
[80%] Routing Phase 2 completed
WARN  (PR1014) : Generic routing resource will be used to clock signal 'gowin_add_ibuf_net_clk' by the specified constraint. And then it may lead to the excessive delay or skew
[90%] Routing Phase 3 completed
Running timing analysis......
[95%] Timing analysis completed
Placement and routing completed
Bitstream generation in progress......
Bitstream generation completed
Running power analysis......
[100%] Power analysis completed
Generate file "I:\FILE\FPGA\Gowin\A_Clock\Ampere_Clock_03\impl\pnr\Ampere_Clock.power.html" completed
Generate file "I:\FILE\FPGA\Gowin\A_Clock\Ampere_Clock_03\impl\pnr\Ampere_Clock.pin.html" completed
Generate file "I:\FILE\FPGA\Gowin\A_Clock\Ampere_Clock_03\impl\pnr\Ampere_Clock.rpt.html" completed
Generate file "I:\FILE\FPGA\Gowin\A_Clock\Ampere_Clock_03\impl\pnr\Ampere_Clock.rpt.txt" completed
Generate file "I:\FILE\FPGA\Gowin\A_Clock\Ampere_Clock_03\impl\pnr\Ampere_Clock.tr.html" completed
Sun May 19 10:34:38 2024

